app/build/intermediates/manifest_merge_blame_file/debug/manifest-merger-blame-debug-report.txt
1<?xml version="1.0" encoding="utf-8"?>
2<manifest xmlns:android="http://schemas.android.com/apk/res/android"
3    package="com.example.calculatorbmi"
4    android:versionCode="1"
5    android:versionName="1.0" >
6
7    <uses-sdk
8        android:minSdkVersion="29"
8-->src\main\AndroidManifest.xml
9        android:targetSdkVersion="29" />
9-->src\main\AndroidManifest.xml
10
11    <uses-permission android:name="android.permission.INTERNET" />
11-->src\main\AndroidManifest.xml:5:5-67
11-->src\main\AndroidManifest.xml:5:22-64
12    <uses-permission android:name="android.permission.READ_EXTERNAL_STORAGE" />
12-->src\main\AndroidManifest.xml:6:5-80
12-->src\main\AndroidManifest.xml:6:22-77
13
14    <application
14-->src\main\AndroidManifest.xml:8:5-34:19
15        android:allowBackup="true"
15-->src\main\AndroidManifest.xml:9:9-35
16        android:appComponentFactory="androidx.core.app.CoreComponentFactory"
16-->[androidx.core:core:1.0.1] AndroidManifest.xml:22:18-86
17        android:debuggable="true"
18        android:icon="@mipmap/ic_launcher"
18-->src\main\AndroidManifest.xml:10:9-43
19        android:label="@string/app_name"
19-->src\main\AndroidManifest.xml:11:9-41
20        android:roundIcon="@mipmap/ic_launcher_round"
20-->src\main\AndroidManifest.xml:12:9-54
21        android:supportsRtl="true"
21-->src\main\AndroidManifest.xml:13:9-35
22        android:testOnly="true"
23        android:theme="@style/AppTheme"
23-->src\main\AndroidManifest.xml:14:9-40
24        android:usesCleartextTraffic="true" >
24-->src\main\AndroidManifest.xml:15:9-44
25        <activity android:name="com.example.calculatorbmi.CoronaDashboardsActivity" />
25-->src\main\AndroidManifest.xml:18:9-71
25-->src\main\AndroidManifest.xml:18:19-59
26        <activity android:name="com.example.calculatorbmi.CoronaQuizResultActivity" />
26-->src\main\AndroidManifest.xml:19:9-62
26-->src\main\AndroidManifest.xml:19:19-59
27        <activity android:name="com.example.calculatorbmi.CoronaQuizActivity" />
27-->src\main\AndroidManifest.xml:20:9-56
27-->src\main\AndroidManifest.xml:20:19-53
28        <activity android:name="com.example.calculatorbmi.CoronaRecipActivity" />
28-->src\main\AndroidManifest.xml:21:9-57
28-->src\main\AndroidManifest.xml:21:19-54
29        <activity android:name="com.example.calculatorbmi.PPMActivity" />
29-->src\main\AndroidManifest.xml:22:9-49
29-->src\main\AndroidManifest.xml:22:19-46
30        <activity android:name="com.example.calculatorbmi.HomeActivity" >
30-->src\main\AndroidManifest.xml:23:9-29:20
30-->src\main\AndroidManifest.xml:23:19-47
31            <intent-filter>
31-->src\main\AndroidManifest.xml:24:13-28:29
32                <action android:name="android.intent.action.MAIN" />
32-->src\main\AndroidManifest.xml:25:17-69
32-->src\main\AndroidManifest.xml:25:25-66
33
34                <category android:name="android.intent.category.LAUNCHER" />
34-->src\main\AndroidManifest.xml:27:17-77
34-->src\main\AndroidManifest.xml:27:27-74
35            </intent-filter>
36        </activity>
37        <activity
37-->src\main\AndroidManifest.xml:30:9-33:59
38            android:name="com.example.calculatorbmi.MainActivity"
38-->src\main\AndroidManifest.xml:31:13-41
39            android:label="@string/app_name"
39-->src\main\AndroidManifest.xml:32:13-45
40            android:theme="@style/AppTheme.NoActionBar" />
40-->src\main\AndroidManifest.xml:33:13-56
41
42        <provider
42-->[androidx.lifecycle:lifecycle-process:2.0.0] AndroidManifest.xml:23:9-27:43
43            android:name="androidx.lifecycle.ProcessLifecycleOwnerInitializer"
43-->[androidx.lifecycle:lifecycle-process:2.0.0] AndroidManifest.xml:24:13-79
44            android:authorities="com.example.calculatorbmi.lifecycle-process"
44-->[androidx.lifecycle:lifecycle-process:2.0.0] AndroidManifest.xml:25:13-69
45            android:exported="false"
45-->[androidx.lifecycle:lifecycle-process:2.0.0] AndroidManifest.xml:26:13-37
46            android:multiprocess="true" />
46-->[androidx.lifecycle:lifecycle-process:2.0.0] AndroidManifest.xml:27:13-40
47    </application>
48
49</manifest>